250
3 82
17 72
8 43
5 149
3 183
66 96
50 224
29 76
32 199
86 89
84 206
45 133
24 41
62 99
45 128
59 206
62 118
12 172
5 164
98 206
43 238
26 222
27 132
47 39
26 8
19 11
31 89
28 108
71 77
64 102
34 56
77 30
1 70
21 103
47 53
72 154
94 208
21 175
93 88
45 36
88 240
11 169
30 136
94 88
30 12
9 85
31 110
49 18
43 63
43 9
34 37
21 117
0 160
93 243
78 68
15 25
52 214
94 189
94 225
50 135
47 23
87 165
43 31
95 112
13 197
39 150
50 16
76 102
85 132
37 235
38 191
7 0
38 207
64 238
47 52
98 186
12 81
36 82
13 233
3 126
40 163
49 218
52 237
61 16
90 139
93 180
87 224
23 45
5 198
92 110
14 219
20 142
43 111
58 96
43 210
32 144
42 188
12 155
18 29
67 185
18 120
64 214
14 37
14 25
67 245
96 158
72 180
50 105
80 92
46 83
47 24
85 30
73 2
12 18
63 37
62 36
32 121
28 228
4 142
71 151
73 95
54 132
60 62
50 90
91 46
1 158
93 127
65 56
71 58
14 215
61 156
75 144
89 29
49 124
59 50
52 3
20 220
28 149
36 192
73 239
65 115
60 122
59 163
94 101
7 15
80 119
50 169
25 38
23 27
73 26
17 90
97 108
13 123
57 15
70 229
64 21
51 145
21 39
70 34
65 149
32 136
94 174
9 72
77 206
66 233
66 192
62 6
22 21
78 155
87 243
52 0
6 179
14 49
26 155
46 229
5 17
21 135
50 157
53 136
81 59
89 166
96 77
24 163
46 202
32 64
51 53
25 143
89 177
61 104
55 97
71 6
39 175
75 243
7 130
43 214
46 49
61 184
77 127
71 2
55 89
44 29
63 0
72 132
60 36
34 188
77 60
80 158
76 178
81 216
54 71
33 244
1 182
23 103
72 49
15 30
14 76
11 175
6 216
84 124
67 82
70 52
37 13
98 219
66 73
73 144
99 214
20 98
14 23
85 125
82 205
60 179
18 232
23 3
29 40
76 84
65 64
98 131
24 42
52 185
46 45
97 170
80 241
33 43
60 203
66 31
24 199
76 141
26 240
57 85
29 183

