1000
0 128
812 411
603 488
393 302
207 449
928 959
680 402
404 739
164 958
966 632
689 699
477 890
291 994
39 877
816 145
599 478
394 446
195 385
974 326
724 671
505 393
272 892
56 268
832 964
603 754
341 943
146 26
919 631
682 855
437 182
187 817
910 182
616 105
353 563
146 24
890 200
633 543
390 30
141 253
927 734
711 335
515 180
322 17
113 820
867 239
654 595
450 483
227 6
967 925
691 558
417 642
169 523
944 947
741 902
469 74
227 930
981 713
741 78
498 56
274 744
58 796
888 336
657 504
412 711
168 845
916 535
672 753
431 987
211 165
951 658
709 62
491 164
267 427
42 251
813 350
545 552
340 151
120 242
865 560
616 300
387 139
144 647
894 925
684 193
446 931
225 307
2 712
768 998
550 69
323 243
115 842
830 786
642 938
473 870
244 842
57 339
853 270
631 117
381 972
194 579
985 954
827 495
603 715
355 47
170 350
966 158
729 419
530 617
284 210
72 109
813 383
625 185
418 564
171 398
963 244
773 552
543 49
290 938
86 560
831 812
630 563
381 711
123 273
967 235
772 767
512 23
280 779
92 601
852 839
648 653
375 265
161 677
925 641
700 302
485 183
258 337
981 54
743 595
524 187
326 151
115 292
840 415
587 421
369 861
114 149
898 967
628 760
414 549
192 219
959 384
702 891
476 797
191 40
5 335
842 216
613 277
373 25
85 888
852 920
625 73
414 288
176 589
949 234
720 85
518 497
318 664
102 36
875 761
699 609
470 700
177 913
920 864
660 503
443 278
203 604
979 659
773 319
541 864
354 223
93 824
844 921
645 299
391 895
144 46
932 447
690 289
445 952
226 465
977 51
762 388
523 726
236 12
958 582
804 179
545 775
297 660
113 905
869 104
614 680
425 786
176 144
924 227
713 182
482 27
257 35
18 232
744 527
525 454
286 966
77 193
800 518
590 611
386 635
170 948
977 210
712 542
469 747
206 532
978 351
760 776
523 549
346 29
172 837
889 971
642 965
411 277
144 9
907 505
678 594
422 442
205 521
968 648
739 530
517 96
261 260
22 271
791 49
566 325
319 929
85 922
877 458
649 306
429 818
183 696
939 699
701 176
487 396
256 410
16 780
827 70
596 806
343 136
89 50
859 373
599 735
395 267
132 109
916 190
721 881
476 926
206 90
949 348
754 488
481 283
280 240
88 173
860 55
621 229
419 6
185 469
929 925
741 358
476 754
233 683
976 442
745 136
529 97
268 325
51 512
811 141
542 49
316 445
67 391
791 998
584 831
336 399
94 125
851 320
628 967
396 759
193 386
956 463
708 651
477 936
229 915
15 319
835 738
596 171
368 196
129 961
932 530
687 202
500 912
299 87
65 356
803 634
591 58
311 128
66 148
838 908
590 721
358 668
140 802
909 290
681 187
426 310
216 648
21 441
837 742
615 84
414 380
143 467
912 101
643 219
445 418
190 467
956 984
727 782
531 917
315 126
69 70
884 603
693 770
393 971
148 66
911 802
695 15
493 119
272 165
52 635
815 380
527 29
308 189
62 493
847 21
602 418
351 328
118 385
912 717
698 811
439 877
238 176
16 421
753 441
527 13
353 705
117 318
879 299
629 717
406 217
188 544
975 338
731 678
481 774
266 918
59 979
802 622
581 36
317 882
104 580
824 70
601 988
357 905
146 799
902 886
662 192
445 941
234 870
9 963
776 727
580 940
392 605
167 812
911 838
659 896
412 350
215 336
995 220
797 282
573 970
337 347
120 315
887 759
668 497
434 134
208 186
953 315
728 101
469 795
250 333
37 903
824 162
558 667
303 316
37 557
822 3
602 175
368 761
116 154
843 330
628 562
305 930
69 934
844 381
623 164
363 301
148 312
935 399
706 511
488 191
270 3
39 101
843 279
597 376
349 431
86 407
877 713
700 794
477 246
250 321
999 453
761 299
571 187
316 924
152 421
976 810
747 408
491 470
274 89
65 670
854 409
648 510
403 440
129 753
876 395
733 60
461 701
300 82
116 522
855 332
655 776
435 123
215 474
957 374
740 503
561 192
257 828
1 801
806 876
593 342
327 900
62 257
863 180
615 992
368 13
128 524
883 293
600 654
407 665
198 226
996 721
739 331
467 449
217 608
927 489
681 398
465 50
248 387
43 382
821 579
601 329
339 131
75 652
834 601
618 325
387 983
193 645
923 470
666 463
475 28
301 838
62 278
857 907
664 211
416 889
179 881
946 684
765 342
529 463
302 313
84 500
869 452
575 407
376 983
145 787
902 120
674 858
468 144
236 585
974 836
743 463
506 311
258 375
23 744
777 781
547 497
322 15
122 851
891 171
613 182
391 967
119 537
878 573
698 291
498 96
284 830
56 796
817 640
578 44
330 108
43 349
819 149
621 542
374 969
187 103
940 780
729 947
521 0
312 902
120 403
888 88
648 275
441 644
229 553
50 563
825 884
630 450
413 996
212 21
953 423
735 597
534 582
298 241
66 907
832 354
607 168
359 437
106 741
877 844
644 560
388 745
157 167
930 0
659 587
418 799
194 255
994 691
782 326
548 482
351 158
112 171
828 260
574 250
310 689
134 448
909 716
698 957
456 99
291 893
57 16
789 945
556 489
306 243
53 242
879 971
709 99
524 362
276 232
36 923
813 68
577 820
387 972
142 169
942 899
745 664
548 46
324 823
83 471
824 748
589 229
296 988
28 253
824 551
580 771
338 177
93 782
829 512
590 724
378 449
110 894
876 185
664 108
456 289
279 164
56 113
789 787
538 995
262 108
32 998
837 537
578 687
342 51
102 709
915 207
675 248
414 376
163 890
907 20
648 923
377 812
138 868
902 635
653 723
410 585
158 609
984 83
746 827
526 410
377 53
196 27
10 956
740 301
547 817
318 415
34 293
875 190
624 179
427 985
197 337
5 130
751 911
525 641
290 206
41 470
786 397
537 977
289 388
89 626
923 667
693 772
456 356
252 825
999 780
767 611
557 298
293 239
58 591
877 293
621 638
388 260
174 838
44 338
797 193
584 22
320 657
74 422
809 249
613 290
395 791
168 349
883 587
630 202
448 446
246 378
16 670
779 49
549 942
291 47
45 399
781 67
543 559
297 18
66 486
801 457
602 127
351 376
91 49
841 618
646 293
434 314
179 500
958 31
696 352
442 625
189 691
990 176
776 112
561 298
345 570
47 800
766 366
515 860
308 861
51 454
848 749
634 423
391 995
171 202
958 521
746 588
487 349
276 68
16 999
799 499
570 483
307 687
98 805
888 929
667 958
407 498
186 160
979 729
740 692
565 959
304 403
29 894
816 603
601 716
399 227
182 575
973 220
790 483
545 506
310 196
97 69
848 680
628 27
393 838
124 783
872 926
642 263
344 645
79 831
855 4
628 975
370 492
81 693
854 200
665 399
463 789
198 239
939 375
676 501
409 173
144 257
932 572
713 388
499 932
253 271
2 979
738 162
513 266
235 322
2 812
779 599
512 309
307 798
44 995
827 290
585 519
344 907
96 80
858 631
628 92
426 854
219 779
977 685
727 147
485 819
278 486
27 122
777 988
490 524
237 821
958 775
732 577
512 760
282 342
34 26
835 474
603 320
388 420
211 219
978 580
765 400
519 868
322 782
116 117
870 62
646 826
418 40
225 561
968 584
746 134
486 171
241 659
989 800
823 492
638 18
396 528
155 441
939 117
717 372
485 636
199 290
949 699
730 201
498 118
231 58
19 761
833 804
630 256
409 319
198 777
993 182
737 621
478 298
201 836
891 681
656 753
462 106
244 444
15 393
825 149
631 543
462 829
226 307
985 591
745 32
501 985
283 325
64 856
842 170
629 805
433 198
182 194
929 551
668 230
471 414
260 64
60 725
823 292
637 138
415 6
149 525
940 791
670 514
442 283
236 563
974 920
725 384
521 919
268 644
8 337
784 492
530 527
333 109
101 834
902 421
645 475
461 152
196 47
966 803
723 55
483 333
219 292
998 46
734 262
498 450
263 77
55 577
814 255
578 464
351 293
117 413
864 623
683 99
403 155
163 72
944 744
727 258
503 143
259 434
972 760
752 264
505 191
323 421
115 712
854 298
645 506
407 809
218 819
985 371
786 5
545 966
318 515
103 658
881 430
648 181
397 352
122 403
924 801
697 501
563 695
344 652
129 617
915 797
681 558
504 886
318 996
78 168
911 328
608 466
377 387
190 390
987 232
774 542
494 297
277 207
28 70
830 575
611 353
411 97
159 672
961 261
717 548
482 78
315 806
98 79
850 33
588 629
364 965
139 6
853 795
645 861
433 549
235 343
30 847
796 793
520 677
261 791
8 382
800 722
620 71
415 71
223 3
17 761
810 921
558 366
334 108
110 636
871 961
590 952
382 5
145 181
924 366
680 772
445 54
255 614
55 266
813 324
551 826
284 899
41 221
809 657
528 279
283 998
48 38
823 785
588 970
392 685
192 937
971 477
786 243
605 546
391 690
110 667
878 430
656 922
414 948

